[2026-06-07 08:25:07] [38;5;214m    Metadata[0m keys ["env", "watch"] from metadata.leptos are not recognized and will be ignored
[2026-06-07 08:25:07] Error: 
[2026-06-07 08:25:07]    0: [91mat `/home/seanorourke/.cargo/registry/src/index.crates.io-1949cf8c6b5b557f/cargo-leptos-0.3.6/src/lib.rs:55:76`[0m
[2026-06-07 08:25:07]    1: [91mThe specified project "unified-field" not found. Available projects: orbital-preview[0m
[2026-06-07 08:25:07] 
[2026-06-07 08:25:07] Location:
[2026-06-07 08:25:07]    [35m/home/seanorourke/.cargo/registry/src/index.crates.io-1949cf8c6b5b557f/cargo-leptos-0.3.6/src/config/mod.rs[0m:[35m68[0m
[2026-06-07 08:25:07] 
[2026-06-07 08:25:07]   ━━━━━━━━━━━━━━━━━━━━━━━━━━━━━━━━━━ BACKTRACE ━━━━━━━━━━━━━━━━━━━━━━━━━━━━━━━━━━━
[2026-06-07 08:25:07]    1: [91m<color_eyre[577fb7b8cf0fe25]::config::EyreHook>::into_eyre_hook::{closure#0}[0m[90m<unknown>[0m
[2026-06-07 08:25:07]       at [35m<unknown source file>[0m:[35m<unknown line>[0m
[2026-06-07 08:25:07]    2: [91m<eyre[cee256bab9bf5b36]::Report>::from_adhoc::<alloc[258be827f3f8367f]::string::String>[0m[90m<unknown>[0m
[2026-06-07 08:25:07]       at [35m<unknown source file>[0m:[35m<unknown line>[0m
[2026-06-07 08:25:07]    3: [91mcargo_leptos[9fbf58fb480c5d3a]::run::{closure#0}[0m[90m<unknown>[0m
[2026-06-07 08:25:07]       at [35m<unknown source file>[0m:[35m<unknown line>[0m
[2026-06-07 08:25:07]    4: [91mcargo_leptos[a024381ec8f12179]::main::{closure#0}[0m[90m<unknown>[0m
[2026-06-07 08:25:07]       at [35m<unknown source file>[0m:[35m<unknown line>[0m
[2026-06-07 08:25:07]    5: [91mcargo_leptos[a024381ec8f12179]::main[0m[90m<unknown>[0m
[2026-06-07 08:25:07]       at [35m<unknown source file>[0m:[35m<unknown line>[0m
[2026-06-07 08:25:07]    6: [91mstd[abfe2c69f5066bcd]::sys::backtrace::__rust_begin_short_backtrace::<fn() -> core[7534a43b0113e6d5]::result::Result<(), eyre[cee256bab9bf5b36]::Report>, core[7534a43b0113e6d5]::result::Result<(), eyre[cee256bab9bf5b36]::Report>>[0m[90m<unknown>[0m
[2026-06-07 08:25:07]       at [35m<unknown source file>[0m:[35m<unknown line>[0m
[2026-06-07 08:25:07]    7: [32mmain[0m[90m<unknown>[0m
[2026-06-07 08:25:07]       at [35m<unknown source file>[0m:[35m<unknown line>[0m
[2026-06-07 08:25:07]    8: [32m__libc_start_main[0m[90m<unknown>[0m
[2026-06-07 08:25:07]       at [35m<unknown source file>[0m:[35m<unknown line>[0m
[2026-06-07 08:25:07]    9: [32m_start[0m[90m<unknown>[0m
[2026-06-07 08:25:07]       at [35m<unknown source file>[0m:[35m<unknown line>[0m
[2026-06-07 08:25:07] 
[2026-06-07 08:25:07] Run with COLORBT_SHOW_HIDDEN=1 environment variable to disable frame filtering.
[2026-06-07 08:25:07] Run with RUST_BACKTRACE=full to include source snippets.
